This is TeX, C Version 3.0 (format=dclplain 92.1.20)  5 DEC 1994 14:50
**&dclplain \nonstopmode{}\input  tidserie.tex
(tidserie.tex (/usr/sparc/newtex/lib/tex/inputs/newlatex/article.sty
Standard Document Style `article' <14 Jan 92>.
(/usr/sparc/newtex/lib/tex/inputs/newlatex/art10.sty)
\c@part=\count79
\c@section=\count80
\c@subsection=\count81
\c@subsubsection=\count82
\c@paragraph=\count83
\c@subparagraph=\count84
\c@figure=\count85
\c@table=\count86
) (tidserie.aux)
Underfull \hbox (badness 10000) in paragraph at lines 8--23


\hbox(0.0+0.0)x298.0
.\glue(\rightskip) 0.0


Underfull \hbox (badness 10000) in paragraph at lines 24--25


\hbox(0.0+0.0)x298.0
.\glue(\rightskip) 0.0


Underfull \hbox (badness 10000) in paragraph at lines 26--31


\hbox(0.0+0.0)x298.0
.\glue(\rightskip) 0.0


Overfull \hbox (36.04318pt too wide) in alignment at lines 31--35
 [] [] [] [] 

\hbox(0.0+0.0)x298.0
.\glue(\tabskip) 0.0 plus 1000.0
.\unsetbox(0.0+0.0)x94.07721
.\glue(\tabskip) 0.0
.\unsetbox(0.0+0.0)x17.7778
.\glue(\tabskip) 0.0
.etc.


Underfull \hbox (badness 10000) in paragraph at lines 35--38


\hbox(0.0+0.0)x298.0
.\glue(\rightskip) 0.0


Underfull \hbox (badness 10000) in paragraph at lines 42--43


\hbox(0.0+0.0)x298.0
.\glue(\rightskip) 0.0


Underfull \hbox (badness 10000) in paragraph at lines 44--45


\hbox(0.0+0.0)x298.0
.\glue(\rightskip) 0.0


Underfull \hbox (badness 10000) in paragraph at lines 46--55


\hbox(0.0+0.0)x298.0
.\glue(\rightskip) 0.0


Underfull \hbox (badness 10000) in paragraph at lines 56--61


\hbox(0.0+0.0)x298.0
.\glue(\rightskip) 0.0

[1

] [2]
Underfull \hbox (badness 10000) in paragraph at lines 104--106


\hbox(0.0+0.0)x298.0
.\glue(\rightskip) 0.0


Underfull \hbox (badness 10000) in paragraph at lines 116--117


\hbox(0.0+0.0)x298.0
.\glue(\rightskip) 0.0


Underfull \hbox (badness 10000) in paragraph at lines 118--119


\hbox(0.0+0.0)x298.0
.\glue(\rightskip) 0.0


Overfull \hbox (15.89056pt too wide) in alignment at lines 119--124
 [] [] [] [] 

\hbox(0.0+0.0)x298.0
.\glue(\tabskip) 0.0 plus 1000.0
.\unsetbox(0.0+0.0)x23.34534
.\glue(\tabskip) 0.0
.\unsetbox(0.0+0.0)x17.77588
.\glue(\tabskip) 0.0
.etc.


Overfull \hbox (11.64348pt too wide) in paragraph at lines 127--130
[] []\dcr/m/n/10 Inverst filter ges av $\cmm/m/it/10 H[]\dcr/m/n/10 (\cmm/m/it/
10 Z\dcr/m/n/10 ) = 1 \cmsy/m/n/10 ^^@ \cmm/m/it/10 aZ[]$\dcr/m/n/10 , dvs $[\c
mm/m/it/10 h[]\dcr/m/n/10 (\cmm/m/it/10 k\dcr/m/n/10 )][] = [1\cmm/m/it/10 ; \c
msy/m/n/10 ^^@\cmm/m/it/10 a; \dcr/m/n/10 0\cmm/m/it/10 ; \dcr/m/n/10 0\cmm/m/i
t/10 ; :::\dcr/m/n/10 ]\cmm/m/it/10 ;$ 

\hbox(8.16115+2.50322)x298.0, glue set - 1.0
.\hbox(0.0+0.0)x0.0
.\glue 0.0
.\hbox(7.49817+2.49939)x0.0
..\glue 0.0
..\glue -17.0
..\glue -5.0
..\hbox(7.49817+2.49939)x17.0, glue set 17.0fil
...\glue 0.0 plus 1.0fil minus 1.0fil
...\hbox(7.49817+2.49939)x0.0, glue set - 13.33008fil []
..\glue 5.0
.\penalty 0
.\dcr/m/n/10 I
.etc.


Underfull \hbox (badness 10000) in paragraph at lines 127--130


\hbox(0.0+0.0)x298.0
.\glue(\rightskip) 0.0


Underfull \hbox (badness 10000) in paragraph at lines 131--132


\hbox(0.0+0.0)x298.0
.\glue(\rightskip) 0.0


Underfull \hbox (badness 10000) in paragraph at lines 134--135


\hbox(0.0+0.0)x298.0
.\glue(\rightskip) 0.0


Underfull \hbox (badness 10000) in paragraph at lines 144--145


\hbox(0.0+0.0)x320.0
.\glue(\rightskip) 0.0


Underfull \hbox (badness 10000) in paragraph at lines 146--148


\hbox(0.0+0.0)x320.0
.\glue(\rightskip) 0.0

[3]
Underfull \hbox (badness 10000) in paragraph at lines 149--150


\hbox(0.0+0.0)x320.0
.\glue(\rightskip) 0.0


Underfull \hbox (badness 10000) in paragraph at lines 161--164


\hbox(0.0+0.0)x320.0
.\glue(\rightskip) 0.0


Underfull \hbox (badness 10000) in paragraph at lines 187--188


\hbox(0.0+0.0)x320.0
.\glue(\rightskip) 0.0


Underfull \hbox (badness 10000) in paragraph at lines 189--190


\hbox(0.0+0.0)x320.0
.\glue(\rightskip) 0.0


Underfull \hbox (badness 10000) in paragraph at lines 191--193


\hbox(0.0+0.0)x320.0
.\glue(\rightskip) 0.0


Underfull \hbox (badness 10000) in paragraph at lines 194--195


\hbox(0.0+0.0)x320.0
.\glue(\rightskip) 0.0


Overfull \hbox (13.49352pt too wide) in paragraph at lines 198--202
[]\dcr/m/n/10 S^^e5ledes ^^e4r f^^f6ljden en AR(2)-process under f^^f6ruts^^e4t
tning att $\cmm/m/it/10 e\dcr/m/n/10 (\cmm/m/it/10 t\dcr/m/n/10 )$ ^^e4r okorre
lerad

\hbox(7.49817+2.49939)x320.0, glue set - 1.0
.\hbox(0.0+0.0)x0.0
.\dcr/m/n/10 S
.\dcr/m/n/10 ^^e5
.\dcr/m/n/10 l
.\dcr/m/n/10 e
.etc.


Overfull \hbox (9.2995pt too wide) in paragraph at lines 198--202
\cmm/m/it/10 R[]\dcr/m/n/10 (\cmm/m/it/10 f\dcr/m/n/10 ) = [] = []$ 

\hbox(10.17654+5.19798)x320.0
.\cmm/m/it/10 R
.\hbox(4.78334+0.0)x6.92296, shifted 1.49998
..\cmm/m/it/7 Y
.\dcr/m/n/10 (
.\cmm/m/it/10 f
.\kern1.0764
.etc.

[4]
Underfull \hbox (badness 10000) in paragraph at lines 220--226


\hbox(0.0+0.0)x298.0
.\glue(\rightskip) 0.0


Underfull \hbox (badness 10000) in paragraph at lines 227--229


\hbox(0.0+0.0)x298.0
.\glue(\rightskip) 0.0


Underfull \hbox (badness 10000) in paragraph at lines 253--257


\hbox(0.0+0.0)x298.0
.\glue(\rightskip) 0.0

[5]
Underfull \hbox (badness 10000) in paragraph at lines 283--285


\hbox(0.0+0.0)x320.0
.\glue(\rightskip) 0.0


Underfull \hbox (badness 10000) in paragraph at lines 286--287


\hbox(0.0+0.0)x320.0
.\glue(\rightskip) 0.0


Underfull \hbox (badness 10000) in paragraph at lines 288--292


\hbox(0.0+0.0)x320.0
.\glue(\rightskip) 0.0


Underfull \hbox (badness 10000) in paragraph at lines 293--294


\hbox(0.0+0.0)x320.0
.\glue(\rightskip) 0.0


Underfull \hbox (badness 10000) in paragraph at lines 300--302


\hbox(0.0+0.0)x320.0
.\glue(\rightskip) 0.0


Underfull \hbox (badness 10000) in paragraph at lines 303--304


\hbox(0.0+0.0)x320.0
.\glue(\rightskip) 0.0


Underfull \hbox (badness 10000) in paragraph at lines 307--310


\hbox(0.0+0.0)x320.0
.\glue(\rightskip) 0.0


Underfull \hbox (badness 10000) in paragraph at lines 311--312


\hbox(0.0+0.0)x320.0
.\glue(\rightskip) 0.0


Underfull \hbox (badness 10000) in paragraph at lines 313--314


\hbox(0.0+0.0)x320.0
.\glue(\rightskip) 0.0


Underfull \hbox (badness 10000) in paragraph at lines 315--317


\hbox(0.0+0.0)x320.0
.\glue(\rightskip) 0.0

[6]
Underfull \hbox (badness 10000) in paragraph at lines 323--324


\hbox(0.0+0.0)x298.0
.\glue(\rightskip) 0.0


Underfull \hbox (badness 10000) in paragraph at lines 325--328


\hbox(0.0+0.0)x298.0
.\glue(\rightskip) 0.0


Underfull \hbox (badness 10000) in paragraph at lines 328--329


\hbox(0.0+0.0)x298.0
.\glue(\rightskip) 0.0


Underfull \hbox (badness 10000) in paragraph at lines 330--334


\hbox(0.0+0.0)x298.0
.\glue(\rightskip) 0.0


Underfull \hbox (badness 10000) in paragraph at lines 335--338


\hbox(0.0+0.0)x298.0
.\glue(\rightskip) 0.0


Underfull \hbox (badness 10000) in paragraph at lines 343--346


\hbox(0.0+0.0)x298.0
.\glue(\rightskip) 0.0


Underfull \hbox (badness 10000) in paragraph at lines 355--358


\hbox(0.0+0.0)x320.0
.\glue(\rightskip) 0.0


Underfull \hbox (badness 10000) in paragraph at lines 359--361


\hbox(0.0+0.0)x320.0
.\glue(\rightskip) 0.0


Underfull \hbox (badness 10000) in paragraph at lines 369--372


\hbox(0.0+0.0)x320.0
.\glue(\rightskip) 0.0

[7] [8]
Underfull \hbox (badness 10000) in paragraph at lines 381--385


\hbox(0.0+0.0)x320.0
.\glue(\rightskip) 0.0


Overfull \hbox (20.88461pt too wide) in paragraph at lines 386--388
[]\dcr/m/n/10 Momentestimatet av $\cmm/m/it/10 a[]$\dcr/m/n/10 , dvs det estima
t som ges av de skattade korrelationerna: 

\hbox(6.8872+1.94397)x320.0, glue set - 1.0
.\hbox(0.0+0.0)x0.0
.\dcr/m/n/10 M
.\dcr/m/n/10 o
.\dcr/m/n/10 m
.\dcr/m/n/10 e
.etc.


Underfull \hbox (badness 10000) in paragraph at lines 386--388


\hbox(0.0+0.0)x320.0
.\glue(\rightskip) 0.0


Underfull \hbox (badness 10000) in paragraph at lines 397--398


\hbox(0.0+0.0)x320.0
.\glue(\rightskip) 0.0


Underfull \hbox (badness 10000) in paragraph at lines 398--400


\hbox(0.0+0.0)x320.0
.\glue(\rightskip) 0.0


Underfull \hbox (badness 10000) in paragraph at lines 403--405


\hbox(0.0+0.0)x320.0
.\glue(\rightskip) 0.0


Underfull \hbox (badness 10000) in paragraph at lines 418--419


\hbox(0.0+0.0)x298.0
.\glue(\rightskip) 0.0

[9]
Underfull \hbox (badness 10000) in paragraph at lines 429--431


\hbox(0.0+0.0)x298.0
.\glue(\rightskip) 0.0


Underfull \hbox (badness 10000) in paragraph at lines 432--435


\hbox(0.0+0.0)x298.0
.\glue(\rightskip) 0.0


Overfull \hbox (0.55516pt too wide) in paragraph at lines 441--444
[] []$\cmm/m/it/10 x[] []\cmsy/m/n/10 r\cmm/m/it/10 X[] [] 

\hbox(7.49817+2.49939)x320.0
.\hbox(0.0+0.0)x0.0
.\glue 0.0
.\hbox(6.4151+0.0)x0.0
..\glue 0.0
..\glue -20.0
..\glue -5.0
..\hbox(6.4151+0.0)x20.0, glue set 20.0fil
...\glue 0.0 plus 1.0fil minus 1.0fil
...\hbox(6.4151+0.0)x0.0, glue set - 14.99634fil []
..\glue 5.0
.\penalty 0
.\mathon
.etc.


Underfull \hbox (badness 10000) in paragraph at lines 441--444


\hbox(0.0+0.0)x320.0
.\glue(\rightskip) 0.0


Underfull \hbox (badness 10000) in paragraph at lines 448--450


\hbox(0.0+0.0)x320.0
.\glue(\rightskip) 0.0


Overfull \hbox (14.17236pt too wide) detected at line 458
\cmm/m/it/10 y\dcr/m/n/10 (\cmm/m/it/10 t\dcr/m/n/10 ) = \cmsy/m/n/10 r\cmm/m/i
t/10 x\dcr/m/n/10 (\cmm/m/it/10 t\dcr/m/n/10 ) = \cmm/m/it/10 e\dcr/m/n/10 (\cm
m/m/it/10 t\dcr/m/n/10 ) + \cmm/m/it/10 c\dcr/m/n/10 (\cmm/m/it/10 e\dcr/m/n/10
 (\cmm/m/it/10 t \cmsy/m/n/10 ^^@ \dcr/m/n/10 1) + \cmm/m/it/10 :::\dcr/m/n/10 
) \cmsy/m/n/10 ^^@ \cmm/m/it/10 e\dcr/m/n/10 (\cmm/m/it/10 t \cmsy/m/n/10 ^^@ \
dcr/m/n/10 1) \cmsy/m/n/10 ^^@ \cmm/m/it/10 c\dcr/m/n/10 (\cmm/m/it/10 e\dcr/m/
n/10 (\cmm/m/it/10 t \cmsy/m/n/10 ^^@ \cmm/m/it/10 z\dcr/m/n/10 )\cmm/m/it/10 :
::\dcr/m/n/10 ) = \cmm/m/it/10 e\dcr/m/n/10 (\cmm/m/it/10 t\dcr/m/n/10 ) + (\cm
m/m/it/10 c \cmsy/m/n/10 ^^@ \dcr/m/n/10 1)\cmm/m/it/10 e\dcr/m/n/10 (\cmm/m/it
/10 t \cmsy/m/n/10 ^^@ \dcr/m/n/10 1)

\hbox(7.49817+2.49939)x320.0, glue set - 1.0
.\cmm/m/it/10 y
.\kern0.35878
.\dcr/m/n/10 (
.\cmm/m/it/10 t
.\dcr/m/n/10 )
.etc.


Underfull \hbox (badness 10000) in paragraph at lines 472--473


\hbox(0.0+0.0)x298.0
.\glue(\rightskip) 0.0

[10]
Underfull \hbox (badness 10000) in paragraph at lines 478--479


\hbox(0.0+0.0)x298.0
.\glue(\rightskip) 0.0


Underfull \hbox (badness 10000) in paragraph at lines 482--483


\hbox(0.0+0.0)x298.0
.\glue(\rightskip) 0.0


Underfull \hbox (badness 10000) in paragraph at lines 484--485


\hbox(0.0+0.0)x298.0
.\glue(\rightskip) 0.0


Underfull \hbox (badness 10000) in paragraph at lines 486--487


\hbox(0.0+0.0)x298.0
.\glue(\rightskip) 0.0


Underfull \hbox (badness 10000) in paragraph at lines 487--488


\hbox(0.0+0.0)x298.0
.\glue(\rightskip) 0.0


Underfull \hbox (badness 10000) in paragraph at lines 489--493


\hbox(0.0+0.0)x298.0
.\glue(\rightskip) 0.0


Underfull \hbox (badness 10000) in paragraph at lines 494--495


\hbox(0.0+0.0)x298.0
.\glue(\rightskip) 0.0


Underfull \hbox (badness 10000) in paragraph at lines 508--509


\hbox(0.0+0.0)x320.0
.\glue(\rightskip) 0.0

[11]
Underfull \hbox (badness 10000) in paragraph at lines 517--518


\hbox(0.0+0.0)x320.0
.\glue(\rightskip) 0.0


Underfull \hbox (badness 10000) in paragraph at lines 529--531


\hbox(0.0+0.0)x320.0
.\glue(\rightskip) 0.0


Underfull \hbox (badness 10000) in paragraph at lines 537--538


\hbox(0.0+0.0)x320.0
.\glue(\rightskip) 0.0


Underfull \hbox (badness 10000) in paragraph at lines 554--556


\hbox(0.0+0.0)x320.0
.\glue(\rightskip) 0.0


Underfull \hbox (badness 10000) in paragraph at lines 557--558


\hbox(0.0+0.0)x320.0
.\glue(\rightskip) 0.0

[12]
Underfull \hbox (badness 10000) in paragraph at lines 573--577


\hbox(0.0+0.0)x298.0
.\glue(\rightskip) 0.0


Overfull \hbox (0.68495pt too wide) in alignment at lines 580--588
 [] [] [] [] 

\hbox(0.0+0.0)x320.0
.\glue(\tabskip) 0.0 plus 1000.0
.\unsetbox(0.0+0.0)x45.8119
.\glue(\tabskip) 0.0
.\unsetbox(0.0+0.0)x17.77588
.\glue(\tabskip) 0.0
.etc.


Underfull \hbox (badness 10000) in paragraph at lines 588--590


\hbox(0.0+0.0)x320.0
.\glue(\rightskip) 0.0


Underfull \hbox (badness 10000) in paragraph at lines 594--595


\hbox(0.0+0.0)x320.0
.\glue(\rightskip) 0.0


Underfull \hbox (badness 10000) in paragraph at lines 597--601


\hbox(0.0+0.0)x298.0
.\glue(\rightskip) 0.0


Underfull \hbox (badness 10000) in paragraph at lines 602--605


\hbox(0.0+0.0)x298.0
.\glue(\rightskip) 0.0


Underfull \hbox (badness 10000) in paragraph at lines 605--606


\hbox(0.0+0.0)x298.0
.\glue(\rightskip) 0.0

[13]
Underfull \hbox (badness 10000) in paragraph at lines 607--611


\hbox(0.0+0.0)x298.0
.\glue(\rightskip) 0.0


Underfull \hbox (badness 10000) in paragraph at lines 612--613


\hbox(0.0+0.0)x298.0
.\glue(\rightskip) 0.0


Underfull \hbox (badness 10000) in paragraph at lines 614--618


\hbox(0.0+0.0)x298.0
.\glue(\rightskip) 0.0


Underfull \hbox (badness 10000) in paragraph at lines 625--626


\hbox(0.0+0.0)x298.0
.\glue(\rightskip) 0.0


Underfull \hbox (badness 10000) in paragraph at lines 630--631


\hbox(0.0+0.0)x320.0
.\glue(\rightskip) 0.0


Underfull \hbox (badness 10000) in paragraph at lines 632--633


\hbox(0.0+0.0)x320.0
.\glue(\rightskip) 0.0


Underfull \hbox (badness 10000) in paragraph at lines 634--635


\hbox(0.0+0.0)x320.0
.\glue(\rightskip) 0.0


Underfull \hbox (badness 10000) in paragraph at lines 636--640


\hbox(0.0+0.0)x320.0
.\glue(\rightskip) 0.0


Underfull \hbox (badness 10000) in paragraph at lines 641--642


\hbox(0.0+0.0)x320.0
.\glue(\rightskip) 0.0


Underfull \hbox (badness 10000) in paragraph at lines 643--647


\hbox(0.0+0.0)x320.0
.\glue(\rightskip) 0.0


Underfull \hbox (badness 10000) in paragraph at lines 648--650


\hbox(0.0+0.0)x320.0
.\glue(\rightskip) 0.0


Underfull \hbox (badness 10000) in paragraph at lines 651--655


\hbox(0.0+0.0)x320.0
.\glue(\rightskip) 0.0


Underfull \hbox (badness 10000) in paragraph at lines 662--668


\hbox(0.0+0.0)x320.0
.\glue(\rightskip) 0.0

[14]
Underfull \hbox (badness 10000) in paragraph at lines 674--675


\hbox(0.0+0.0)x298.0
.\glue(\rightskip) 0.0


Underfull \hbox (badness 10000) in paragraph at lines 676--677


\hbox(0.0+0.0)x298.0
.\glue(\rightskip) 0.0


Underfull \hbox (badness 10000) in paragraph at lines 678--679


\hbox(0.0+0.0)x298.0
.\glue(\rightskip) 0.0


Underfull \hbox (badness 10000) in paragraph at lines 683--685


\hbox(0.0+0.0)x298.0
.\glue(\rightskip) 0.0


Underfull \hbox (badness 10000) in paragraph at lines 686--687


\hbox(0.0+0.0)x298.0
.\glue(\rightskip) 0.0


Underfull \hbox (badness 10000) in paragraph at lines 688--690


\hbox(0.0+0.0)x298.0
.\glue(\rightskip) 0.0


Underfull \hbox (badness 10000) in paragraph at lines 691--693


\hbox(0.0+0.0)x298.0
.\glue(\rightskip) 0.0


Underfull \hbox (badness 10000) in paragraph at lines 702--703


\hbox(0.0+0.0)x298.0
.\glue(\rightskip) 0.0


Underfull \hbox (badness 10000) in paragraph at lines 704--706


\hbox(0.0+0.0)x298.0
.\glue(\rightskip) 0.0


Underfull \hbox (badness 10000) in paragraph at lines 708--709


\hbox(0.0+0.0)x298.0
.\glue(\rightskip) 0.0


Underfull \hbox (badness 10000) in paragraph at lines 710--712


\hbox(0.0+0.0)x298.0
.\glue(\rightskip) 0.0

[15]
Underfull \hbox (badness 10000) in paragraph at lines 713--714


\hbox(0.0+0.0)x298.0
.\glue(\rightskip) 0.0


Underfull \hbox (badness 10000) in paragraph at lines 715--716


\hbox(0.0+0.0)x298.0
.\glue(\rightskip) 0.0


Underfull \hbox (badness 10000) in paragraph at lines 721--722


\hbox(0.0+0.0)x298.0
.\glue(\rightskip) 0.0


Underfull \hbox (badness 10000) in paragraph at lines 723--726


\hbox(0.0+0.0)x298.0
.\glue(\rightskip) 0.0


Underfull \hbox (badness 10000) in paragraph at lines 727--729


\hbox(0.0+0.0)x298.0
.\glue(\rightskip) 0.0


Underfull \hbox (badness 10000) in paragraph at lines 730--732


\hbox(0.0+0.0)x298.0
.\glue(\rightskip) 0.0


Underfull \hbox (badness 10000) in paragraph at lines 737--740


\hbox(0.0+0.0)x298.0
.\glue(\rightskip) 0.0


Underfull \hbox (badness 10000) in paragraph at lines 741--744


\hbox(0.0+0.0)x298.0
.\glue(\rightskip) 0.0


Underfull \hbox (badness 10000) in paragraph at lines 752--753


\hbox(0.0+0.0)x298.0
.\glue(\rightskip) 0.0


Underfull \hbox (badness 10000) in paragraph at lines 755--759


\hbox(0.0+0.0)x298.0
.\glue(\rightskip) 0.0

[16]
Underfull \hbox (badness 10000) in paragraph at lines 760--767


\hbox(0.0+0.0)x298.0
.\glue(\rightskip) 0.0


Underfull \hbox (badness 10000) in paragraph at lines 781--788


\hbox(0.0+0.0)x320.0
.\glue(\rightskip) 0.0


Underfull \hbox (badness 10000) in paragraph at lines 789--790


\hbox(0.0+0.0)x320.0
.\glue(\rightskip) 0.0


Underfull \hbox (badness 10000) in paragraph at lines 792--797


\hbox(0.0+0.0)x320.0
.\glue(\rightskip) 0.0


Underfull \hbox (badness 10000) in paragraph at lines 802--807


\hbox(0.0+0.0)x320.0
.\glue(\rightskip) 0.0

[17]
Underfull \hbox (badness 10000) in paragraph at lines 808--809


\hbox(0.0+0.0)x320.0
.\glue(\rightskip) 0.0


Overfull \hbox (216.6512pt too wide) detected at line 813
[]\dcr/m/n/10 (\cmm/m/it/10 t \dcr/m/n/10 + \cmm/m/it/10 k \cmsy/m/n/10 j \cmm/
m/it/10 t\dcr/m/n/10 ) = []\cmm/m/it/10 c\dcr/m/n/10 (\cmm/m/it/10 t\dcr/m/n/10
 )[] \cmm/m/it/10 C\dcr/m/n/10 (\cmm/m/it/10 Z[] \dcr/m/n/10 = \cmm/m/it/10 A\d
cr/m/n/10 (\cmm/m/it/10 Z[]F\dcr/m/n/10 (\cmm/m/it/10 Z[] \dcr/m/n/10 + \cmm/m/
it/10 Z[]G\dcr/m/n/10 (\cmm/m/it/10 Z[]\dcr/m/n/10 ) (1 + 0\cmm/m/it/10 :\dcr/m
/n/10 8\cmm/m/it/10 Z[]\dcr/m/n/10 ) = (1 \cmsy/m/n/10 ^^@ \dcr/m/n/10 0\cmm/m/
it/10 :\dcr/m/n/10 9\cmm/m/it/10 Z[]\dcr/m/n/10 )(1 + \cmm/m/it/10 f[]Z[] \dcr/
m/n/10 + \cmm/m/it/10 ::: \dcr/m/n/10 + \cmm/m/it/10 f[]Z[]\dcr/m/n/10 ) + \cmm
/m/it/10 g[]Z[]

\hbox(13.59839+6.85951)x320.0, glue set - 1.0
.\vbox(6.88824+0.0)x5.71527
..\hbox(6.8872+0.0)x0.0, shifted 0.63603
...\dcr/m/n/10 ^^B
..\kern-4.3045
..\hbox(4.30554+0.0)x5.71527
...\cmm/m/it/10 x
.\dcr/m/n/10 (
.\cmm/m/it/10 t
.\glue(\medmuskip) 2.22217 plus 1.11108 minus 2.22217
.\dcr/m/n/10 +
.etc.


Underfull \hbox (badness 10000) in paragraph at lines 813--830


\hbox(0.0+0.0)x320.0
.\glue(\rightskip) 0.0


Underfull \hbox (badness 10000) in paragraph at lines 832--834


\hbox(0.0+0.0)x320.0
.\glue(\rightskip) 0.0


Underfull \hbox (badness 10000) in paragraph at lines 836--838


\hbox(0.0+0.0)x320.0
.\glue(\rightskip) 0.0

[18] (tidserie.aux) ) 
Here is how much of TeX's memory you used:
 199 strings out of 4246
 1877 string characters out of 50148
 36230 words of memory out of 262141
 2414 multiletter control sequences out of 9500
 5520 words of font info for 20 fonts, out of 72000 for 255
 0 hyphenation exceptions out of 607
 16i,13n,15p,170b,260s stack positions out of 300i,40n,60p,3000b,4000s

Output written on tidserie.dvi (18 pages, 52600 bytes).
